Arguments: 
  C:\Program Files\nodejs\node.exe C:\Users\Masahiro\AppData\Roaming\npm\node_modules\yarn\bin\yarn.js start

PATH: 
  C:\Program Files\PowerShell\7;C:\Program Files\AdoptOpenJDK\jdk-8.0.242.08-openj9\bin;C:\Program Files (x86)\Common Files\Apple\Apple Application Support;C:\WINDOWS\system32;C:\WINDOWS;C:\WINDOWS\System32\Wbem;C:\WINDOWS\System32\WindowsPowerShell\v1.0\;C:\WINDOWS\System32\OpenSSH\;C:\Program Files (x86)\Fujitsu\FJAgent\Core\bin;C:\Users\Masahiro\Anakonda3;C:\Program Files\Git\cmd;C:\Program Files\nodejs\;C:\Program Files\Docker\Docker\resources\bin;C:\ProgramData\DockerDesktop\version-bin;C:\Program Files\PowerShell\7\;C:\Users\Masahiro\AppData\Local\Microsoft\WindowsApps;C:\Users\Masahiro\AppData\Local\Programs\Microsoft VS Code\bin;C:\Users\Masahiro\AppData\Local\GitHubDesktop\bin;C:\Users\Masahiro\AppData\Roaming\npm;

Yarn version: 
  1.22.19

Node version: 
  18.7.0

Platform: 
  win32 x64

Trace: 
  Invariant Violation: Script must exist
      at invariant (C:\Users\Masahiro\AppData\Roaming\npm\node_modules\yarn\lib\cli.js:2318:15)
      at C:\Users\Masahiro\AppData\Roaming\npm\node_modules\yarn\lib\cli.js:61545:11
      at Generator.next (<anonymous>)
      at step (C:\Users\Masahiro\AppData\Roaming\npm\node_modules\yarn\lib\cli.js:310:30)
      at C:\Users\Masahiro\AppData\Roaming\npm\node_modules\yarn\lib\cli.js:328:14
      at new Promise (<anonymous>)
      at new F (C:\Users\Masahiro\AppData\Roaming\npm\node_modules\yarn\lib\cli.js:5305:28)
      at C:\Users\Masahiro\AppData\Roaming\npm\node_modules\yarn\lib\cli.js:307:12
      at realRunCommand (C:\Users\Masahiro\AppData\Roaming\npm\node_modules\yarn\lib\cli.js:61630:23)
      at action.action (C:\Users\Masahiro\AppData\Roaming\npm\node_modules\yarn\lib\cli.js:61691:16)

npm manifest: 
  {
    "name": "Gebet",
    "version": "1.0.0",
    "description": "",
    "main": "index.js",
    "scripts": {
      "start": "",
      "build": "webpack",
      "watch": "webpack -w"
    },
    "repository": {
      "type": "git",
      "url": "git+https://github.com/Wundern/Gebet.git"
    },
    "keywords": [],
    "author": "",
    "license": "ISC",
    "bugs": {
      "url": "https://github.com/Wundern/Gebet/issues"
    },
    "homepage": "https://github.com/Wundern/Gebet#readme",
    "devDependencies": {
      "webpack": "^5.75.0",
      "webpack-cli": "^5.0.0"
    },
    "dependencies": {
      "skyway-js": "^4.4.5"
    }
  }

yarn manifest: 
  No manifest

Lockfile: 
  No lockfile
